[
  {
    "level": "INFO",
    "message": "android.ndkVersion from module build.gradle is [23.0.7599858]"
  },
  {
    "level": "INFO",
    "message": "android.ndkPath from module build.gradle is not set"
  },
  {
    "level": "INFO",
    "message": "ndk.dir in local.properties is not set"
  },
  {
    "level": "INFO",
    "message": "Not considering ANDROID_NDK_HOME because support was removed after deprecation period."
  },
  {
    "level": "INFO",
    "message": "sdkFolder is C:\\Users\\salah\\AppData\\Local\\Android\\Sdk"
  },
  {
    "level": "INFO",
    "message": "NDK side-by-side folder from sdkFolder C:\\Users\\salah\\AppData\\Local\\Android\\Sdk\\ndk does not exist"
  },
  {
    "level": "INFO",
    "message": "Folder C:\\Users\\salah\\AppData\\Local\\Android\\Sdk\\ndk\\23.0.7599858 does not exist. Ignoring."
  },
  {
    "level": "INFO",
    "message": "Folder C:\\Users\\salah\\AppData\\Local\\Android\\Sdk\\ndk-bundle does not exist. Ignoring."
  },
  {
    "level": "INFO",
    "message": "No NDK was found. Trying to download it now."
  },
  {
    "level": "INFO",
    "message": "NDK 23.0.7599858 was downloaded to C:\\Users\\salah\\AppData\\Local\\Android\\Sdk\\ndk\\23.0.7599858. Using that."
  }
]