[
  {
    "level": "INFO",
    "message": "android.ndkVersion from module build.gradle is [23.0.7599858]"
  },
  {
    "level": "INFO",
    "message": "android.ndkPath from module build.gradle is not set"
  },
  {
    "level": "INFO",
    "message": "ndk.dir in local.properties is not set"
  },
  {
    "level": "INFO",
    "message": "Not considering ANDROID_NDK_HOME because support was removed after deprecation period."
  },
  {
    "level": "INFO",
    "message": "sdkFolder is C:\\Users\\salah\\AppData\\Local\\Android\\Sdk"
  }
]